[0.229s] DEBUG:colcon:Command line arguments: ['/usr/bin/colcon', 'build', '--symlink-install']
[0.229s] DEBUG:colcon:Parsed command line arguments: Namespace(log_base=None, log_level=None, verb_name='build', build_base='build', install_base='install', merge_install=False, symlink_install=True, test_result_base=None, continue_on_error=False, executor='parallel', parallel_workers=8, event_handlers=None, ignore_user_meta=False, metas=['./colcon.meta'], base_paths=['.'], packages_ignore=None, packages_ignore_regex=None, paths=None, packages_up_to=None, packages_up_to_regex=None, packages_above=None, packages_above_and_dependencies=None, packages_above_depth=None, packages_select_by_dep=None, packages_skip_by_dep=None, packages_skip_up_to=None, packages_select_build_failed=False, packages_skip_build_finished=False, packages_select_test_failures=False, packages_skip_test_passed=False, packages_select=None, packages_skip=None, packages_select_regex=None, packages_skip_regex=None, packages_start=None, packages_end=None, allow_overriding=[], cmake_args=None, cmake_target=None, cmake_target_skip_unavailable=False, cmake_clean_cache=False, cmake_clean_first=False, cmake_force_configure=False, ament_cmake_args=None, catkin_cmake_args=None, catkin_skip_building_tests=False, mixin_files=None, mixin=None, verb_parser=<colcon_mixin.mixin.mixin_argument.MixinArgumentDecorator object at 0x7adcdb21ff20>, verb_extension=<colcon_core.verb.build.BuildVerb object at 0x7adcdb21fb00>, main=<bound method BuildVerb.main of <colcon_core.verb.build.BuildVerb object at 0x7adcdb21fb00>>, mixin_verb=('build',))
[0.340s] Level 1:colcon.colcon_core.package_discovery:discover_packages(colcon_meta) check parameters
[0.340s] Level 1:colcon.colcon_core.package_discovery:discover_packages(recursive) check parameters
[0.340s] Level 1:colcon.colcon_core.package_discovery:discover_packages(ignore) check parameters
[0.340s] Level 1:colcon.colcon_core.package_discovery:discover_packages(path) check parameters
[0.340s] Level 1:colcon.colcon_core.package_discovery:discover_packages(colcon_meta) discover
[0.340s] Level 1:colcon.colcon_core.package_discovery:discover_packages(recursive) discover
[0.340s] INFO:colcon.colcon_core.package_discovery:Crawling recursively for packages in '/home/jayamalsigera/ros2_workspaces/ws_8_assignments/src/group_8_assignment_1'
[0.341s] Level 1:colcon.colcon_core.package_identification:_identify(.) by extensions ['ignore', 'ignore_ament_install']
[0.341s] Level 1:colcon.colcon_core.package_identification:_identify(.) by extension 'ignore'
[0.341s] Level 1:colcon.colcon_core.package_identification:_identify(.) by extension 'ignore_ament_install'
[0.341s] Level 1:colcon.colcon_core.package_identification:_identify(.) by extensions ['colcon_pkg']
[0.341s] Level 1:colcon.colcon_core.package_identification:_identify(.) by extension 'colcon_pkg'
[0.341s] Level 1:colcon.colcon_core.package_identification:_identify(.) by extensions ['colcon_meta']
[0.341s] Level 1:colcon.colcon_core.package_identification:_identify(.) by extension 'colcon_meta'
[0.341s] Level 1:colcon.colcon_core.package_identification:_identify(.) by extensions ['ros']
[0.341s] Level 1:colcon.colcon_core.package_identification:_identify(.) by extension 'ros'
[0.409s] DEBUG:colcon.colcon_core.package_identification:Package '.' with type 'ros.ament_cmake' and name 'group_8_assignment_1'
[0.409s] Level 1:colcon.colcon_core.package_discovery:discover_packages(recursive) using defaults
[0.410s] Level 1:colcon.colcon_core.package_discovery:discover_packages(ignore) discover
[0.410s] Level 1:colcon.colcon_core.package_discovery:discover_packages(ignore) using defaults
[0.410s] Level 1:colcon.colcon_core.package_discovery:discover_packages(path) discover
[0.410s] Level 1:colcon.colcon_core.package_discovery:discover_packages(path) using defaults
[0.473s] Level 1:colcon.colcon_core.package_discovery:discover_packages(prefix_path) check parameters
[0.473s] Level 1:colcon.colcon_core.package_discovery:discover_packages(prefix_path) discover
[0.481s] DEBUG:colcon.colcon_installed_package_information.package_discovery:Found 7 installed packages in /home/jayamalsigera/ros2_workspaces/ws_8_assignments/install
[0.481s] DEBUG:colcon.colcon_installed_package_information.package_discovery:Found 3 installed packages in /home/jayamalsigera/ros2_workspaces/ws_ros2_jazzy/install
[0.484s] DEBUG:colcon.colcon_installed_package_information.package_discovery:Found 396 installed packages in /opt/ros/jazzy
[0.486s] Level 1:colcon.colcon_core.package_discovery:discover_packages(prefix_path) using defaults
[0.573s] Level 5:colcon.colcon_core.verb:set package 'group_8_assignment_1' build argument 'cmake_args' from command line to 'None'
[0.573s] Level 5:colcon.colcon_core.verb:set package 'group_8_assignment_1' build argument 'cmake_target' from command line to 'None'
[0.573s] Level 5:colcon.colcon_core.verb:set package 'group_8_assignment_1' build argument 'cmake_target_skip_unavailable' from command line to 'False'
[0.573s] Level 5:colcon.colcon_core.verb:set package 'group_8_assignment_1' build argument 'cmake_clean_cache' from command line to 'False'
[0.573s] Level 5:colcon.colcon_core.verb:set package 'group_8_assignment_1' build argument 'cmake_clean_first' from command line to 'False'
[0.573s] Level 5:colcon.colcon_core.verb:set package 'group_8_assignment_1' build argument 'cmake_force_configure' from command line to 'False'
[0.573s] Level 5:colcon.colcon_core.verb:set package 'group_8_assignment_1' build argument 'ament_cmake_args' from command line to 'None'
[0.573s] Level 5:colcon.colcon_core.verb:set package 'group_8_assignment_1' build argument 'catkin_cmake_args' from command line to 'None'
[0.573s] Level 5:colcon.colcon_core.verb:set package 'group_8_assignment_1' build argument 'catkin_skip_building_tests' from command line to 'False'
[0.573s] DEBUG:colcon.colcon_core.verb:Building package 'group_8_assignment_1' with the following arguments: {'ament_cmake_args': None, 'build_base': '/home/jayamalsigera/ros2_workspaces/ws_8_assignments/src/group_8_assignment_1/build/group_8_assignment_1', 'catkin_cmake_args': None, 'catkin_skip_building_tests': False, 'cmake_args': None, 'cmake_clean_cache': False, 'cmake_clean_first': False, 'cmake_force_configure': False, 'cmake_target': None, 'cmake_target_skip_unavailable': False, 'install_base': '/home/jayamalsigera/ros2_workspaces/ws_8_assignments/src/group_8_assignment_1/install/group_8_assignment_1', 'merge_install': False, 'path': '/home/jayamalsigera/ros2_workspaces/ws_8_assignments/src/group_8_assignment_1', 'symlink_install': True, 'test_result_base': None}
[0.573s] INFO:colcon.colcon_core.executor:Executing jobs using 'parallel' executor
[0.574s] DEBUG:colcon.colcon_parallel_executor.executor.parallel:run_until_complete
[0.575s] INFO:colcon.colcon_ros.task.ament_cmake.build:Building ROS package in '/home/jayamalsigera/ros2_workspaces/ws_8_assignments/src/group_8_assignment_1' with build type 'ament_cmake'
[0.575s] INFO:colcon.colcon_cmake.task.cmake.build:Building CMake package in '/home/jayamalsigera/ros2_workspaces/ws_8_assignments/src/group_8_assignment_1'
[0.580s] INFO:colcon.colcon_core.plugin_system:Skipping extension 'colcon_core.shell.bat': Not used on non-Windows systems
[0.581s] INFO:colcon.colcon_core.shell:Skip shell extension 'powershell' for command environment: Not usable outside of PowerShell
[0.581s] DEBUG:colcon.colcon_core.shell:Skip shell extension 'dsv' for command environment
[0.607s] DEBUG:colcon.colcon_core.event_handler.log_command:Invoking command in '/home/jayamalsigera/ros2_workspaces/ws_8_assignments/src/group_8_assignment_1/build/group_8_assignment_1': CMAKE_PREFIX_PATH=${CMAKE_PREFIX_PATH}:/opt/ros/jazzy DEBUGINFOD_URLS=https://debuginfod.ubuntu.com /usr/bin/cmake /home/jayamalsigera/ros2_workspaces/ws_8_assignments/src/group_8_assignment_1 -DAMENT_CMAKE_SYMLINK_INSTALL=1 -DCMAKE_INSTALL_PREFIX=/home/jayamalsigera/ros2_workspaces/ws_8_assignments/src/group_8_assignment_1/install/group_8_assignment_1
[3.147s] DEBUG:colcon.colcon_core.event_handler.log_command:Invoked command in '/home/jayamalsigera/ros2_workspaces/ws_8_assignments/src/group_8_assignment_1/build/group_8_assignment_1' returned '0': CMAKE_PREFIX_PATH=${CMAKE_PREFIX_PATH}:/opt/ros/jazzy DEBUGINFOD_URLS=https://debuginfod.ubuntu.com /usr/bin/cmake /home/jayamalsigera/ros2_workspaces/ws_8_assignments/src/group_8_assignment_1 -DAMENT_CMAKE_SYMLINK_INSTALL=1 -DCMAKE_INSTALL_PREFIX=/home/jayamalsigera/ros2_workspaces/ws_8_assignments/src/group_8_assignment_1/install/group_8_assignment_1
[3.148s] DEBUG:colcon.colcon_core.event_handler.log_command:Invoking command in '/home/jayamalsigera/ros2_workspaces/ws_8_assignments/src/group_8_assignment_1/build/group_8_assignment_1': CMAKE_PREFIX_PATH=${CMAKE_PREFIX_PATH}:/opt/ros/jazzy DEBUGINFOD_URLS=https://debuginfod.ubuntu.com /usr/bin/cmake --build /home/jayamalsigera/ros2_workspaces/ws_8_assignments/src/group_8_assignment_1/build/group_8_assignment_1 -- -j8 -l8
[21.313s] DEBUG:colcon.colcon_core.event_handler.log_command:Invoked command in '/home/jayamalsigera/ros2_workspaces/ws_8_assignments/src/group_8_assignment_1/build/group_8_assignment_1' returned '0': CMAKE_PREFIX_PATH=${CMAKE_PREFIX_PATH}:/opt/ros/jazzy DEBUGINFOD_URLS=https://debuginfod.ubuntu.com /usr/bin/cmake --build /home/jayamalsigera/ros2_workspaces/ws_8_assignments/src/group_8_assignment_1/build/group_8_assignment_1 -- -j8 -l8
[21.332s] DEBUG:colcon.colcon_core.event_handler.log_command:Invoking command in '/home/jayamalsigera/ros2_workspaces/ws_8_assignments/src/group_8_assignment_1/build/group_8_assignment_1': CMAKE_PREFIX_PATH=${CMAKE_PREFIX_PATH}:/opt/ros/jazzy DEBUGINFOD_URLS=https://debuginfod.ubuntu.com /usr/bin/cmake --install /home/jayamalsigera/ros2_workspaces/ws_8_assignments/src/group_8_assignment_1/build/group_8_assignment_1
[21.568s] Level 1:colcon.colcon_core.environment:create_environment_scripts_only(group_8_assignment_1)
[21.569s] DEBUG:colcon.colcon_core.event_handler.log_command:Invoked command in '/home/jayamalsigera/ros2_workspaces/ws_8_assignments/src/group_8_assignment_1/build/group_8_assignment_1' returned '0': CMAKE_PREFIX_PATH=${CMAKE_PREFIX_PATH}:/opt/ros/jazzy DEBUGINFOD_URLS=https://debuginfod.ubuntu.com /usr/bin/cmake --install /home/jayamalsigera/ros2_workspaces/ws_8_assignments/src/group_8_assignment_1/build/group_8_assignment_1
[21.574s] Level 1:colcon.colcon_core.environment:checking '/home/jayamalsigera/ros2_workspaces/ws_8_assignments/src/group_8_assignment_1/install/group_8_assignment_1' for CMake module files
[21.575s] Level 1:colcon.colcon_core.environment:checking '/home/jayamalsigera/ros2_workspaces/ws_8_assignments/src/group_8_assignment_1/install/group_8_assignment_1' for CMake config files
[21.575s] Level 1:colcon.colcon_core.shell:create_environment_hook('group_8_assignment_1', 'cmake_prefix_path')
[21.575s] INFO:colcon.colcon_core.shell:Creating environment hook '/home/jayamalsigera/ros2_workspaces/ws_8_assignments/src/group_8_assignment_1/install/group_8_assignment_1/share/group_8_assignment_1/hook/cmake_prefix_path.ps1'
[21.576s] INFO:colcon.colcon_core.shell:Creating environment descriptor '/home/jayamalsigera/ros2_workspaces/ws_8_assignments/src/group_8_assignment_1/install/group_8_assignment_1/share/group_8_assignment_1/hook/cmake_prefix_path.dsv'
[21.577s] INFO:colcon.colcon_core.shell:Creating environment hook '/home/jayamalsigera/ros2_workspaces/ws_8_assignments/src/group_8_assignment_1/install/group_8_assignment_1/share/group_8_assignment_1/hook/cmake_prefix_path.sh'
[21.582s] Level 1:colcon.colcon_core.environment:checking '/home/jayamalsigera/ros2_workspaces/ws_8_assignments/src/group_8_assignment_1/install/group_8_assignment_1/lib'
[21.582s] Level 1:colcon.colcon_core.environment:checking '/home/jayamalsigera/ros2_workspaces/ws_8_assignments/src/group_8_assignment_1/install/group_8_assignment_1/bin'
[21.582s] Level 1:colcon.colcon_core.environment:checking '/home/jayamalsigera/ros2_workspaces/ws_8_assignments/src/group_8_assignment_1/install/group_8_assignment_1/lib/pkgconfig/group_8_assignment_1.pc'
[21.583s] Level 1:colcon.colcon_core.environment:checking '/home/jayamalsigera/ros2_workspaces/ws_8_assignments/src/group_8_assignment_1/install/group_8_assignment_1/lib/python3.12/site-packages'
[21.583s] Level 1:colcon.colcon_core.environment:checking '/home/jayamalsigera/ros2_workspaces/ws_8_assignments/src/group_8_assignment_1/install/group_8_assignment_1/bin'
[21.584s] INFO:colcon.colcon_core.shell:Creating package script '/home/jayamalsigera/ros2_workspaces/ws_8_assignments/src/group_8_assignment_1/install/group_8_assignment_1/share/group_8_assignment_1/package.ps1'
[21.585s] INFO:colcon.colcon_core.shell:Creating package descriptor '/home/jayamalsigera/ros2_workspaces/ws_8_assignments/src/group_8_assignment_1/install/group_8_assignment_1/share/group_8_assignment_1/package.dsv'
[21.586s] INFO:colcon.colcon_core.shell:Creating package script '/home/jayamalsigera/ros2_workspaces/ws_8_assignments/src/group_8_assignment_1/install/group_8_assignment_1/share/group_8_assignment_1/package.sh'
[21.586s] INFO:colcon.colcon_core.shell:Creating package script '/home/jayamalsigera/ros2_workspaces/ws_8_assignments/src/group_8_assignment_1/install/group_8_assignment_1/share/group_8_assignment_1/package.bash'
[21.587s] INFO:colcon.colcon_core.shell:Creating package script '/home/jayamalsigera/ros2_workspaces/ws_8_assignments/src/group_8_assignment_1/install/group_8_assignment_1/share/group_8_assignment_1/package.zsh'
[21.588s] Level 1:colcon.colcon_core.environment:create_file_with_runtime_dependencies(/home/jayamalsigera/ros2_workspaces/ws_8_assignments/src/group_8_assignment_1/install/group_8_assignment_1/share/colcon-core/packages/group_8_assignment_1)
[21.588s] Level 1:colcon.colcon_core.environment:create_environment_scripts_only(group_8_assignment_1)
[21.588s] Level 1:colcon.colcon_core.environment:checking '/home/jayamalsigera/ros2_workspaces/ws_8_assignments/src/group_8_assignment_1/install/group_8_assignment_1' for CMake module files
[21.589s] Level 1:colcon.colcon_core.environment:checking '/home/jayamalsigera/ros2_workspaces/ws_8_assignments/src/group_8_assignment_1/install/group_8_assignment_1' for CMake config files
[21.589s] Level 1:colcon.colcon_core.shell:create_environment_hook('group_8_assignment_1', 'cmake_prefix_path')
[21.589s] INFO:colcon.colcon_core.shell:Creating environment hook '/home/jayamalsigera/ros2_workspaces/ws_8_assignments/src/group_8_assignment_1/install/group_8_assignment_1/share/group_8_assignment_1/hook/cmake_prefix_path.ps1'
[21.590s] INFO:colcon.colcon_core.shell:Creating environment descriptor '/home/jayamalsigera/ros2_workspaces/ws_8_assignments/src/group_8_assignment_1/install/group_8_assignment_1/share/group_8_assignment_1/hook/cmake_prefix_path.dsv'
[21.590s] INFO:colcon.colcon_core.shell:Creating environment hook '/home/jayamalsigera/ros2_workspaces/ws_8_assignments/src/group_8_assignment_1/install/group_8_assignment_1/share/group_8_assignment_1/hook/cmake_prefix_path.sh'
[21.591s] Level 1:colcon.colcon_core.environment:checking '/home/jayamalsigera/ros2_workspaces/ws_8_assignments/src/group_8_assignment_1/install/group_8_assignment_1/lib'
[21.591s] Level 1:colcon.colcon_core.environment:checking '/home/jayamalsigera/ros2_workspaces/ws_8_assignments/src/group_8_assignment_1/install/group_8_assignment_1/bin'
[21.591s] Level 1:colcon.colcon_core.environment:checking '/home/jayamalsigera/ros2_workspaces/ws_8_assignments/src/group_8_assignment_1/install/group_8_assignment_1/lib/pkgconfig/group_8_assignment_1.pc'
[21.591s] Level 1:colcon.colcon_core.environment:checking '/home/jayamalsigera/ros2_workspaces/ws_8_assignments/src/group_8_assignment_1/install/group_8_assignment_1/lib/python3.12/site-packages'
[21.591s] Level 1:colcon.colcon_core.environment:checking '/home/jayamalsigera/ros2_workspaces/ws_8_assignments/src/group_8_assignment_1/install/group_8_assignment_1/bin'
[21.591s] INFO:colcon.colcon_core.shell:Creating package script '/home/jayamalsigera/ros2_workspaces/ws_8_assignments/src/group_8_assignment_1/install/group_8_assignment_1/share/group_8_assignment_1/package.ps1'
[21.592s] INFO:colcon.colcon_core.shell:Creating package descriptor '/home/jayamalsigera/ros2_workspaces/ws_8_assignments/src/group_8_assignment_1/install/group_8_assignment_1/share/group_8_assignment_1/package.dsv'
[21.592s] INFO:colcon.colcon_core.shell:Creating package script '/home/jayamalsigera/ros2_workspaces/ws_8_assignments/src/group_8_assignment_1/install/group_8_assignment_1/share/group_8_assignment_1/package.sh'
[21.592s] INFO:colcon.colcon_core.shell:Creating package script '/home/jayamalsigera/ros2_workspaces/ws_8_assignments/src/group_8_assignment_1/install/group_8_assignment_1/share/group_8_assignment_1/package.bash'
[21.592s] INFO:colcon.colcon_core.shell:Creating package script '/home/jayamalsigera/ros2_workspaces/ws_8_assignments/src/group_8_assignment_1/install/group_8_assignment_1/share/group_8_assignment_1/package.zsh'
[21.593s] Level 1:colcon.colcon_core.environment:create_file_with_runtime_dependencies(/home/jayamalsigera/ros2_workspaces/ws_8_assignments/src/group_8_assignment_1/install/group_8_assignment_1/share/colcon-core/packages/group_8_assignment_1)
[21.593s] DEBUG:colcon.colcon_parallel_executor.executor.parallel:closing loop
[21.593s] DEBUG:colcon.colcon_parallel_executor.executor.parallel:loop closed
[21.593s] DEBUG:colcon.colcon_parallel_executor.executor.parallel:run_until_complete finished with '0'
[21.593s] DEBUG:colcon.colcon_core.event_reactor:joining thread
[21.604s] INFO:colcon.colcon_core.plugin_system:Skipping extension 'colcon_notification.desktop_notification.terminal_notifier': Not used on non-Darwin systems
[21.604s] INFO:colcon.colcon_core.plugin_system:Skipping extension 'colcon_notification.desktop_notification.win32': Not used on non-Windows systems
[21.604s] INFO:colcon.colcon_notification.desktop_notification:Sending desktop notification using 'notify2'
[21.628s] DEBUG:colcon.colcon_core.event_reactor:joined thread
[21.628s] INFO:colcon.colcon_core.shell:Creating prefix script '/home/jayamalsigera/ros2_workspaces/ws_8_assignments/src/group_8_assignment_1/install/local_setup.ps1'
[21.630s] INFO:colcon.colcon_core.shell:Creating prefix util module '/home/jayamalsigera/ros2_workspaces/ws_8_assignments/src/group_8_assignment_1/install/_local_setup_util_ps1.py'
[21.631s] INFO:colcon.colcon_core.shell:Creating prefix chain script '/home/jayamalsigera/ros2_workspaces/ws_8_assignments/src/group_8_assignment_1/install/setup.ps1'
[21.632s] INFO:colcon.colcon_core.shell:Creating prefix script '/home/jayamalsigera/ros2_workspaces/ws_8_assignments/src/group_8_assignment_1/install/local_setup.sh'
[21.633s] INFO:colcon.colcon_core.shell:Creating prefix util module '/home/jayamalsigera/ros2_workspaces/ws_8_assignments/src/group_8_assignment_1/install/_local_setup_util_sh.py'
[21.634s] INFO:colcon.colcon_core.shell:Creating prefix chain script '/home/jayamalsigera/ros2_workspaces/ws_8_assignments/src/group_8_assignment_1/install/setup.sh'
[21.635s] INFO:colcon.colcon_core.shell:Creating prefix script '/home/jayamalsigera/ros2_workspaces/ws_8_assignments/src/group_8_assignment_1/install/local_setup.bash'
[21.636s] INFO:colcon.colcon_core.shell:Creating prefix chain script '/home/jayamalsigera/ros2_workspaces/ws_8_assignments/src/group_8_assignment_1/install/setup.bash'
[21.637s] INFO:colcon.colcon_core.shell:Creating prefix script '/home/jayamalsigera/ros2_workspaces/ws_8_assignments/src/group_8_assignment_1/install/local_setup.zsh'
[21.638s] INFO:colcon.colcon_core.shell:Creating prefix chain script '/home/jayamalsigera/ros2_workspaces/ws_8_assignments/src/group_8_assignment_1/install/setup.zsh'
