-- The C compiler identification is GNU 13.3.0
-- The CXX compiler identification is GNU 13.3.0
-- Detecting C compiler ABI info
-- Detecting C compiler ABI info - done
-- Check for working C compiler: /usr/bin/cc - skipped
-- Detecting C compile features
-- Detecting C compile features - done
-- Detecting CXX compiler ABI info
-- Detecting CXX compiler ABI info - done
-- Check for working CXX compiler: /usr/bin/c++ - skipped
-- Detecting CXX compile features
-- Detecting CXX compile features - done
-- Found ament_cmake: 2.5.4 (/opt/ros/jazzy/share/ament_cmake/cmake)
-- Found Python3: /usr/bin/python3 (found version "3.12.3") found components: Interpreter 
-- Override CMake install command with custom implementation using symlinks instead of copying resources
-- Found rclcpp: 28.1.13 (/opt/ros/jazzy/share/rclcpp/cmake)
-- Found rosidl_generator_c: 4.6.6 (/opt/ros/jazzy/share/rosidl_generator_c/cmake)
-- Found rosidl_generator_cpp: 4.6.6 (/opt/ros/jazzy/share/rosidl_generator_cpp/cmake)
-- Using all available rosidl_typesupport_c: rosidl_typesupport_fastrtps_c;rosidl_typesupport_introspection_c
-- Using all available rosidl_typesupport_cpp: rosidl_typesupport_fastrtps_cpp;rosidl_typesupport_introspection_cpp
-- Found rmw_implementation_cmake: 7.3.2 (/opt/ros/jazzy/share/rmw_implementation_cmake/cmake)
-- Found rmw_fastrtps_cpp: 8.4.3 (/opt/ros/jazzy/share/rmw_fastrtps_cpp/cmake)
-- Found OpenSSL: /usr/lib/x86_64-linux-gnu/libcrypto.so (found version "3.0.13")  
-- Found FastRTPS: /opt/ros/jazzy/include (Required is at least version "2.13") 
-- Using RMW implementation 'rmw_fastrtps_cpp' as default
-- Found std_msgs: 5.3.6 (/opt/ros/jazzy/share/std_msgs/cmake)
-- Found geometry_msgs: 5.3.6 (/opt/ros/jazzy/share/geometry_msgs/cmake)
-- Found sensor_msgs: 5.3.6 (/opt/ros/jazzy/share/sensor_msgs/cmake)
-- Found nav_msgs: 5.3.6 (/opt/ros/jazzy/share/nav_msgs/cmake)
-- Found tf2: 0.36.16 (/opt/ros/jazzy/share/tf2/cmake)
-- Found tf2_ros: 0.36.16 (/opt/ros/jazzy/share/tf2_ros/cmake)
-- Found tf2_geometry_msgs: 0.36.16 (/opt/ros/jazzy/share/tf2_geometry_msgs/cmake)
-- Found eigen3_cmake_module: 0.3.0 (/opt/ros/jazzy/share/eigen3_cmake_module/cmake)
-- Found Eigen3: TRUE (found version "3.4.0") 
-- Ensuring Eigen3 include directory is part of orocos-kdl CMake target
-- Found tf2_sensor_msgs: 0.36.16 (/opt/ros/jazzy/share/tf2_sensor_msgs/cmake)
-- Found apriltag_ros: 3.3.0 (/home/jayamalsigera/ros2_workspaces/ws_8_assignments/install/apriltag_ros/share/apriltag_ros/cmake)
-- Found apriltag_msgs: 2.0.1 (/opt/ros/jazzy/share/apriltag_msgs/cmake)
-- Found image_transport: 5.1.7 (/opt/ros/jazzy/share/image_transport/cmake)
-- Found cv_bridge: 4.1.0 (/opt/ros/jazzy/share/cv_bridge/cmake)
-- Found nav2_msgs: 1.3.10 (/opt/ros/jazzy/share/nav2_msgs/cmake)
-- Configuring done (2.5s)
-- Generating done (0.0s)
-- Build files have been written to: /home/jayamalsigera/ros2_workspaces/ws_8_assignments/src/group_8_assignment_1/build/group_8_assignment_1
[ 25%] [32mBuilding CXX object CMakeFiles/initial_pose_node.dir/src/initial_pose_node.cpp.o[0m
[ 50%] [32m[1mLinking CXX executable initial_pose_node[0m
[ 50%] Built target initial_pose_node
[ 75%] [32mBuilding CXX object CMakeFiles/apriltag_center_node.dir/src/apriltag_center_node.cpp.o[0m
[100%] [32m[1mLinking CXX executable apriltag_center_node[0m
[100%] Built target apriltag_center_node
-- Install configuration: ""
-- Execute custom install script
-- Symlinking: /home/jayamalsigera/ros2_workspaces/ws_8_assignments/src/group_8_assignment_1/install/group_8_assignment_1/share/group_8_assignment_1/launch/pipeline.launch.py
-- Symlinking: /home/jayamalsigera/ros2_workspaces/ws_8_assignments/src/group_8_assignment_1/install/group_8_assignment_1/lib/group_8_assignment_1/apriltag_center_node
-- Symlinking: /home/jayamalsigera/ros2_workspaces/ws_8_assignments/src/group_8_assignment_1/install/group_8_assignment_1/lib/group_8_assignment_1/initial_pose_node
-- Symlinking: /home/jayamalsigera/ros2_workspaces/ws_8_assignments/src/group_8_assignment_1/install/group_8_assignment_1/share/ament_index/resource_index/package_run_dependencies/group_8_assignment_1
-- Symlinking: /home/jayamalsigera/ros2_workspaces/ws_8_assignments/src/group_8_assignment_1/install/group_8_assignment_1/share/ament_index/resource_index/parent_prefix_path/group_8_assignment_1
-- Symlinking: /home/jayamalsigera/ros2_workspaces/ws_8_assignments/src/group_8_assignment_1/install/group_8_assignment_1/share/group_8_assignment_1/environment/ament_prefix_path.sh
-- Symlinking: /home/jayamalsigera/ros2_workspaces/ws_8_assignments/src/group_8_assignment_1/install/group_8_assignment_1/share/group_8_assignment_1/environment/ament_prefix_path.dsv
-- Symlinking: /home/jayamalsigera/ros2_workspaces/ws_8_assignments/src/group_8_assignment_1/install/group_8_assignment_1/share/group_8_assignment_1/environment/path.sh
-- Symlinking: /home/jayamalsigera/ros2_workspaces/ws_8_assignments/src/group_8_assignment_1/install/group_8_assignment_1/share/group_8_assignment_1/environment/path.dsv
-- Symlinking: /home/jayamalsigera/ros2_workspaces/ws_8_assignments/src/group_8_assignment_1/install/group_8_assignment_1/share/group_8_assignment_1/local_setup.bash
-- Symlinking: /home/jayamalsigera/ros2_workspaces/ws_8_assignments/src/group_8_assignment_1/install/group_8_assignment_1/share/group_8_assignment_1/local_setup.sh
-- Symlinking: /home/jayamalsigera/ros2_workspaces/ws_8_assignments/src/group_8_assignment_1/install/group_8_assignment_1/share/group_8_assignment_1/local_setup.zsh
-- Symlinking: /home/jayamalsigera/ros2_workspaces/ws_8_assignments/src/group_8_assignment_1/install/group_8_assignment_1/share/group_8_assignment_1/local_setup.dsv
-- Symlinking: /home/jayamalsigera/ros2_workspaces/ws_8_assignments/src/group_8_assignment_1/install/group_8_assignment_1/share/group_8_assignment_1/package.dsv
-- Symlinking: /home/jayamalsigera/ros2_workspaces/ws_8_assignments/src/group_8_assignment_1/install/group_8_assignment_1/share/ament_index/resource_index/packages/group_8_assignment_1
-- Symlinking: /home/jayamalsigera/ros2_workspaces/ws_8_assignments/src/group_8_assignment_1/install/group_8_assignment_1/share/group_8_assignment_1/cmake/group_8_assignment_1Config.cmake
-- Symlinking: /home/jayamalsigera/ros2_workspaces/ws_8_assignments/src/group_8_assignment_1/install/group_8_assignment_1/share/group_8_assignment_1/cmake/group_8_assignment_1Config-version.cmake
-- Symlinking: /home/jayamalsigera/ros2_workspaces/ws_8_assignments/src/group_8_assignment_1/install/group_8_assignment_1/share/group_8_assignment_1/package.xml
